Started by user [8mha:////4KuUW7S9534PynVfBTj8ydAQcukQ195/ubXCuSPFkvQUAAAAlx+LCAAAAAAAAP9b85aBtbiIQTGjNKU4P08vOT+vOD8nVc83PyU1x6OyILUoJzMv2y+/JJUBAhiZGBgqihhk0NSjKDWzXb3RdlLBUSYGJk8GtpzUvPSSDB8G5tKinBIGIZ+sxLJE/ZzEvHT94JKizLx0a6BxUmjGOUNodHsLgAzWEgZu/dLi1CL9xJTczDwAj6GcLcAAAAA=[0mAdmin
[Tue Jun 23 13:21:18 UTC 2020] Starting branch indexing...
 > /usr/bin/git --version # timeout=10
 > /usr/bin/git ls-remote --symref -- https://github.com/cameronmcnz/rock-paper-scissors.git # timeout=10
 > /usr/bin/git rev-parse --is-inside-work-tree # timeout=10
Setting origin to https://github.com/cameronmcnz/rock-paper-scissors.git
 > /usr/bin/git config remote.origin.url https://github.com/cameronmcnz/rock-paper-scissors.git # timeout=10
Fetching & pruning origin...
Listing remote references...
 > /usr/bin/git config --get remote.origin.url # timeout=10
 > /usr/bin/git --version # timeout=10
 > /usr/bin/git ls-remote -h -- https://github.com/cameronmcnz/rock-paper-scissors.git # timeout=10
Fetching upstream changes from origin
 > /usr/bin/git config --get remote.origin.url # timeout=10
 > /usr/bin/git fetch --tags --progress --prune -- origin +refs/heads/*:refs/remotes/origin/* # timeout=10
Checking branches...
  Checking branch patch-1
      ‘Jenkinsfile’ not found
    Does not meet criteria
  Checking branch master
      ‘Jenkinsfile’ found
    Met criteria
No changes detected: master (still at d3fe70cd80dccaab54f57a284393dbac707cb4bb)
  Checking branch dragon
      ‘Jenkinsfile’ found
    Met criteria
No changes detected: dragon (still at 484f1e2e83480140e145270b65bf221c50d01af9)
  Checking branch feature
      ‘Jenkinsfile’ not found
    Does not meet criteria
  Checking branch fix
      ‘Jenkinsfile’ not found
    Does not meet criteria
Processed 5 branches
[Tue Jun 23 13:21:19 UTC 2020] Finished branch indexing. Indexing took 0.55 sec
Finished: SUCCESS
