Started at Fri Sep 11 18:03:26 UTC 2020
Processing allbranchautomation
Offering allbranchautomation to Project Build Discarder
Processing allbranchautomation-v1
Offering allbranchautomation-v1 to Project Build Discarder
Processing allbranchautomation_rev1
Offering allbranchautomation_rev1 to Project Build Discarder
Processing allbranchautomation_rev2
Offering allbranchautomation_rev2 to Project Build Discarder
Processing ankit
Offering ankit to Project Build Discarder
Processing api-groovy
Offering api-groovy to Project Build Discarder
Processing branch_automation
Offering branch_automation to Project Build Discarder
Processing Build
Offering Build to Project Build Discarder
Processing custom_branch
Offering custom_branch to Project Build Discarder
Processing firstmavenbuild
Offering firstmavenbuild to Project Build Discarder
Processing gitlib
Offering gitlib to Project Build Discarder
Processing jenkins-backup
Offering jenkins-backup to Project Build Discarder
Processing lib-test
Offering lib-test to Project Build Discarder
Processing newbranch
Offering newbranch to Project Build Discarder
Processing nitintest
Offering nitintest to Project Build Discarder
Processing nitit
Offering nitit to Project Build Discarder
Processing oddles
Offering oddles to Project Build Discarder
Processing oddlesauto
Offering oddlesauto to Project Build Discarder
Processing Parameterized_Build
Offering Parameterized_Build to Project Build Discarder
Processing pipelineimport
Offering pipelineimport to Project Build Discarder
Processing pipelineimport_v2
Offering pipelineimport_v2 to Project Build Discarder
Processing release_2
Offering release_2 to Project Build Discarder
Processing releasebranch
Offering releasebranch to Project Build Discarder
Processing releasebranch_v2
Offering releasebranch_v2 to Project Build Discarder
Processing tagg
Offering tagg to Project Build Discarder
Processing test-slack
Offering test-slack to Project Build Discarder
Processing testing
Offering testing to Project Build Discarder
Processing testinggggg
Offering testinggggg to Project Build Discarder
Processing test/testpipeline
Offering test/testpipeline to Project Build Discarder
Processing techprimer/develop
Offering techprimer/develop to Project Build Discarder
Processing techprimer/feature%2Fcicd-pcf
Offering techprimer/feature%2Fcicd-pcf to Project Build Discarder
Processing techprimer/feature-1
Offering techprimer/feature-1 to Project Build Discarder
Processing techprimer/feature-aws-deploy
Offering techprimer/feature-aws-deploy to Project Build Discarder
Processing techprimer/feature-test-pipeline-cucumber
Offering techprimer/feature-test-pipeline-cucumber to Project Build Discarder
Processing techprimer/master
Offering techprimer/master to Project Build Discarder
Processing mult_1/dragon
Offering mult_1/dragon to Project Build Discarder
Processing mult_1/master
Offering mult_1/master to Project Build Discarder
Processing groovytest/groovytest
Offering groovytest/groovytest to Project Build Discarder
Processing greyspace2/test
Offering greyspace2/test to Project Build Discarder
Processing api_query_test/api_query_test
Offering api_query_test/api_query_test to Project Build Discarder
Processing api query/api query
Offering api query/api query to Project Build Discarder
Processing api query/testimportfolder
Offering api query/testimportfolder to Project Build Discarder
Finished at Fri Sep 11 18:03:26 UTC 2020. 17ms
